<?xml version="1.0" encoding="UTF-8"?>
<testsuite name="com.mastercard.AssignmentTest" tests="5" skipped="0" failures="0" errors="0" timestamp="2020-08-08T02:11:09" hostname="L4688823" time="0.864">
  <properties/>
  <testcase name="checkNullDestination()" classname="com.mastercard.AssignmentTest" time="0.745"/>
  <testcase name="checkNullOrigin()" classname="com.mastercard.AssignmentTest" time="0.017"/>
  <testcase name="checkReverseConnected()" classname="com.mastercard.AssignmentTest" time="0.026"/>
  <testcase name="checkNotConnected()" classname="com.mastercard.AssignmentTest" time="0.03"/>
  <testcase name="checkConnected()" classname="com.mastercard.AssignmentTest" time="0.034"/>
  <system-out><![CDATA[22:11:04.613 [Test worker] DEBUG org.springframework.test.context.BootstrapUtils - Instantiating CacheAwareContextLoaderDelegate from class [org.springframework.test.context.cache.DefaultCacheAwareContextLoaderDelegate]
22:11:04.640 [Test worker] DEBUG org.springframework.test.context.BootstrapUtils - Instantiating BootstrapContext using constructor [public org.springframework.test.context.support.DefaultBootstrapContext(java.lang.Class,org.springframework.test.context.CacheAwareContextLoaderDelegate)]
22:11:04.705 [Test worker] DEBUG org.springframework.test.context.BootstrapUtils - Instantiating TestContextBootstrapper for test class [com.mastercard.AssignmentTest] from class [org.springframework.boot.test.context.SpringBootTestContextBootstrapper]
22:11:04.729 [Test worker] INFO org.springframework.boot.test.context.SpringBootTestContextBootstrapper - Neither @ContextConfiguration nor @ContextHierarchy found for test class [com.mastercard.AssignmentTest], using SpringBootContextLoader
22:11:04.734 [Test worker] DEBUG org.springframework.test.context.support.AbstractContextLoader - Did not detect default resource location for test class [com.mastercard.AssignmentTest]: class path resource [com/mastercard/AssignmentTest-context.xml] does not exist
22:11:04.735 [Test worker] DEBUG org.springframework.test.context.support.AbstractContextLoader - Did not detect default resource location for test class [com.mastercard.AssignmentTest]: class path resource [com/mastercard/AssignmentTestContext.groovy] does not exist
22:11:04.736 [Test worker] INFO org.springframework.test.context.support.AbstractContextLoader - Could not detect default resource locations for test class [com.mastercard.AssignmentTest]: no resource found for suffixes {-context.xml, Context.groovy}.
22:11:04.737 [Test worker] INFO org.springframework.test.context.support.AnnotationConfigContextLoaderUtils - Could not detect default configuration classes for test class [com.mastercard.AssignmentTest]: AssignmentTest does not declare any static, non-private, non-final, nested classes annotated with @Configuration.
22:11:04.826 [Test worker] DEBUG org.springframework.test.context.support.ActiveProfilesUtils - Could not find an 'annotation declaring class' for annotation type [org.springframework.test.context.ActiveProfiles] and class [com.mastercard.AssignmentTest]
22:11:04.965 [Test worker] DEBUG org.springframework.context.annotation.ClassPathScanningCandidateComponentProvider - Identified candidate component class: file [C:\MasterCard_Assignment_0806\springbootassignment\build\classes\java\main\com\mastercard\SpringbootassignmentApplication.class]
22:11:04.967 [Test worker] INFO org.springframework.boot.test.context.SpringBootTestContextBootstrapper - Found @SpringBootConfiguration com.mastercard.SpringbootassignmentApplication for test class com.mastercard.AssignmentTest
22:11:05.173 [Test worker] DEBUG org.springframework.boot.test.context.SpringBootTestContextBootstrapper - @TestExecutionListeners is not present for class [com.mastercard.AssignmentTest]: using defaults.
22:11:05.174 [Test worker] INFO org.springframework.boot.test.context.SpringBootTestContextBootstrapper - Loaded default TestExecutionListener class names from location [META-INF/spring.factories]: [org.springframework.boot.test.autoconfigure.restdocs.RestDocsTestExecutionListener, org.springframework.boot.test.autoconfigure.web.client.MockRestServiceServerResetTestExecutionListener, org.springframework.boot.test.autoconfigure.web.servlet.MockMvcPrintOnlyOnFailureTestExecutionListener, org.springframework.boot.test.autoconfigure.web.servlet.WebDriverTestExecutionListener, org.springframework.boot.test.autoconfigure.webservices.client.MockWebServiceServerTestExecutionListener, org.springframework.boot.test.mock.mockito.MockitoTestExecutionListener, org.springframework.boot.test.mock.mockito.ResetMocksTestExecutionListener, org.springframework.test.context.web.ServletTestExecutionListener, org.springframework.test.context.support.DirtiesContextBeforeModesTestExecutionListener, org.springframework.test.context.support.DependencyInjectionTestExecutionListener, org.springframework.test.context.support.DirtiesContextTestExecutionListener, org.springframework.test.context.transaction.TransactionalTestExecutionListener, org.springframework.test.context.jdbc.SqlScriptsTestExecutionListener, org.springframework.test.context.event.EventPublishingTestExecutionListener]
22:11:05.193 [Test worker] DEBUG org.springframework.boot.test.context.SpringBootTestContextBootstrapper - Skipping candidate TestExecutionListener [org.springframework.test.context.transaction.TransactionalTestExecutionListener] due to a missing dependency. Specify custom listener classes or make the default listener classes and their required dependencies available. Offending class: [org/springframework/transaction/interceptor/TransactionAttributeSource]
22:11:05.194 [Test worker] DEBUG org.springframework.boot.test.context.SpringBootTestContextBootstrapper - Skipping candidate TestExecutionListener [org.springframework.test.context.jdbc.SqlScriptsTestExecutionListener] due to a missing dependency. Specify custom listener classes or make the default listener classes and their required dependencies available. Offending class: [org/springframework/transaction/interceptor/TransactionAttribute]
22:11:05.194 [Test worker] INFO org.springframework.boot.test.context.SpringBootTestContextBootstrapper - Using TestExecutionListeners: [org.springframework.test.context.web.ServletTestExecutionListener@60d832a5, org.springframework.test.context.support.DirtiesContextBeforeModesTestExecutionListener@4c6cd05b, org.springframework.boot.test.mock.mockito.MockitoTestExecutionListener@66d03f53, org.springframework.boot.test.autoconfigure.SpringBootDependencyInjectionTestExecutionListener@25897c5b, org.springframework.test.context.support.DirtiesContextTestExecutionListener@4653f55, org.springframework.test.context.event.EventPublishingTestExecutionListener@2ea1d98a, org.springframework.boot.test.autoconfigure.restdocs.RestDocsTestExecutionListener@496c51aa, org.springframework.boot.test.autoconfigure.web.client.MockRestServiceServerResetTestExecutionListener@27e98778, org.springframework.boot.test.autoconfigure.web.servlet.MockMvcPrintOnlyOnFailureTestExecutionListener@a5b8b47, org.springframework.boot.test.autoconfigure.web.servlet.WebDriverTestExecutionListener@2a166e0f, org.springframework.boot.test.autoconfigure.webservices.client.MockWebServiceServerTestExecutionListener@15c8be6, org.springframework.boot.test.mock.mockito.ResetMocksTestExecutionListener@6ae50ef2]
22:11:05.201 [Test worker] DEBUG org.springframework.test.context.support.AbstractDirtiesContextTestExecutionListener - Before test class: context [DefaultTestContext@66eb591c testClass = AssignmentTest, testInstance = [null], testMethod = [null], testException = [null], mergedContextConfiguration = [WebMergedContextConfiguration@62fea529 testClass = AssignmentTest, locations = '{}', classes = '{class com.mastercard.SpringbootassignmentApplication}', contextInitializerClasses = '[]', activeProfiles = '{}', propertySourceLocations = '{}', propertySourceProperties = '{org.springframework.boot.test.context.SpringBootTestContextBootstrapper=true}', contextCustomizers = set[org.springframework.boot.test.autoconfigure.properties.PropertyMappingContextCustomizer@4b3fa0b3, org.springframework.boot.test.autoconfigure.web.servlet.WebDriverContextCustomizerFactory$Customizer@5199f8ce, [ImportsContextCustomizer@4fc53646 key = [org.springframework.boot.test.autoconfigure.web.servlet.MockMvcAutoConfiguration, org.springframework.boot.test.autoconfigure.web.servlet.MockMvcWebClientAutoConfiguration, org.springframework.boot.test.autoconfigure.web.servlet.MockMvcWebDriverAutoConfiguration, org.springframework.boot.autoconfigure.security.oauth2.client.servlet.OAuth2ClientAutoConfiguration, org.springframework.boot.autoconfigure.security.oauth2.resource.servlet.OAuth2ResourceServerAutoConfiguration, org.springframework.boot.autoconfigure.security.servlet.SecurityAutoConfiguration, org.springframework.boot.autoconfigure.security.servlet.SecurityFilterAutoConfiguration, org.springframework.boot.autoconfigure.security.servlet.UserDetailsServiceAutoConfiguration, org.springframework.boot.test.autoconfigure.web.servlet.MockMvcSecurityConfiguration]], org.springframework.boot.test.context.filter.ExcludeFilterContextCustomizer@21b83b91, org.springframework.boot.test.json.DuplicateJsonObjectContextCustomizerFactory$DuplicateJsonObjectContextCustomizer@450e609d, org.springframework.boot.test.mock.mockito.MockitoContextCustomizer@0, org.springframework.boot.test.web.client.TestRestTemplateContextCustomizer@88b842f, org.springframework.boot.test.context.SpringBootTestArgs@1], resourceBasePath = 'src/main/webapp', contextLoader = 'org.springframework.boot.test.context.SpringBootContextLoader', parent = [null]], attributes = map['org.springframework.test.context.web.ServletTestExecutionListener.activateListener' -> true]], class annotated with @DirtiesContext [false] with mode [null].
22:11:05.237 [Test worker] DEBUG org.springframework.test.context.support.TestPropertySourceUtils - Adding inlined properties to environment: {spring.jmx.enabled=false, org.springframework.boot.test.context.SpringBootTestContextBootstrapper=true}

  .   ____          _            __ _ _
 /\\ / ___'_ __ _ _(_)_ __  __ _ \ \ \ \
( ( )\___ | '_ | '_| | '_ \/ _` | \ \ \ \
 \\/  ___)| |_)| | | | | || (_| |  ) ) ) )
  '  |____| .__|_| |_|_| |_\__, | / / / /
 =========|_|==============|___/=/_/_/_/
 :: Spring Boot ::        (v2.3.2.RELEASE)

2020-08-07 22:11:05.873  INFO 19528 --- [    Test worker] com.mastercard.AssignmentTest            : Starting AssignmentTest on L4688823 with PID 19528 (started by B005023 in C:\MasterCard_Assignment_0806\springbootassignment)
2020-08-07 22:11:05.887  INFO 19528 --- [    Test worker] com.mastercard.AssignmentTest            : No active profile set, falling back to default profiles: default
2020-08-07 22:11:07.505  INFO 19528 --- [    Test worker] f.a.AutowiredAnnotationBeanPostProcessor : Autowired annotation is not supported on static fields: private static java.util.HashMap com.mastercard.Cities.origDest
2020-08-07 22:11:08.384  INFO 19528 --- [    Test worker] o.s.s.concurrent.ThreadPoolTaskExecutor  : Initializing ExecutorService 'applicationTaskExecutor'
2020-08-07 22:11:08.924  INFO 19528 --- [    Test worker] o.s.b.t.m.w.SpringBootMockServletContext : Initializing Spring TestDispatcherServlet ''
2020-08-07 22:11:08.925  INFO 19528 --- [    Test worker] o.s.t.web.servlet.TestDispatcherServlet  : Initializing Servlet ''
2020-08-07 22:11:08.954  INFO 19528 --- [    Test worker] o.s.t.web.servlet.TestDispatcherServlet  : Completed initialization in 29 ms
2020-08-07 22:11:08.992  INFO 19528 --- [    Test worker] com.mastercard.AssignmentTest            : Started AssignmentTest in 3.742 seconds (JVM running for 5.904)

MockHttpServletRequest:
      HTTP Method = GET
      Request URI = /connected
       Parameters = {origin=[Albany], destination=[]}
          Headers = []
             Body = null
    Session Attrs = {}

Handler:
             Type = com.mastercard.restservice.ConnectedCitiesController
           Method = com.mastercard.restservice.ConnectedCitiesController#connected(String, String)

Async:
    Async started = false
     Async result = null

Resolved Exception:
             Type = null

ModelAndView:
        View name = null
             View = null
            Model = null

FlashMap:
       Attributes = null

MockHttpServletResponse:
           Status = 200
    Error message = null
          Headers = [Content-Type:"text/plain;charset=UTF-8", Content-Length:"2"]
     Content type = text/plain;charset=UTF-8
             Body = no
    Forwarded URL = null
   Redirected URL = null
          Cookies = []

MockHttpServletRequest:
      HTTP Method = GET
      Request URI = /connected
       Parameters = {origin=[], destination=[Albany]}
          Headers = []
             Body = null
    Session Attrs = {}

Handler:
             Type = com.mastercard.restservice.ConnectedCitiesController
           Method = com.mastercard.restservice.ConnectedCitiesController#connected(String, String)

Async:
    Async started = false
     Async result = null

Resolved Exception:
             Type = null

ModelAndView:
        View name = null
             View = null
            Model = null

FlashMap:
       Attributes = null

MockHttpServletResponse:
           Status = 200
    Error message = null
          Headers = [Content-Type:"text/plain;charset=UTF-8", Content-Length:"2"]
     Content type = text/plain;charset=UTF-8
             Body = no
    Forwarded URL = null
   Redirected URL = null
          Cookies = []

MockHttpServletRequest:
      HTTP Method = GET
      Request URI = /connected
       Parameters = {origin=[Newark], destination=[Boston]}
          Headers = []
             Body = null
    Session Attrs = {}

Handler:
             Type = com.mastercard.restservice.ConnectedCitiesController
           Method = com.mastercard.restservice.ConnectedCitiesController#connected(String, String)

Async:
    Async started = false
     Async result = null

Resolved Exception:
             Type = null

ModelAndView:
        View name = null
             View = null
            Model = null

FlashMap:
       Attributes = null

MockHttpServletResponse:
           Status = 200
    Error message = null
          Headers = [Content-Type:"text/plain;charset=UTF-8", Content-Length:"3"]
     Content type = text/plain;charset=UTF-8
             Body = yes
    Forwarded URL = null
   Redirected URL = null
          Cookies = []

MockHttpServletRequest:
      HTTP Method = GET
      Request URI = /connected
       Parameters = {origin=[Boston], destination=[Albany]}
          Headers = []
             Body = null
    Session Attrs = {}

Handler:
             Type = com.mastercard.restservice.ConnectedCitiesController
           Method = com.mastercard.restservice.ConnectedCitiesController#connected(String, String)

Async:
    Async started = false
     Async result = null

Resolved Exception:
             Type = null

ModelAndView:
        View name = null
             View = null
            Model = null

FlashMap:
       Attributes = null

MockHttpServletResponse:
           Status = 200
    Error message = null
          Headers = [Content-Type:"text/plain;charset=UTF-8", Content-Length:"2"]
     Content type = text/plain;charset=UTF-8
             Body = no
    Forwarded URL = null
   Redirected URL = null
          Cookies = []

MockHttpServletRequest:
      HTTP Method = GET
      Request URI = /connected
       Parameters = {origin=[Boston], destination=[Newark]}
          Headers = []
             Body = null
    Session Attrs = {}

Handler:
             Type = com.mastercard.restservice.ConnectedCitiesController
           Method = com.mastercard.restservice.ConnectedCitiesController#connected(String, String)

Async:
    Async started = false
     Async result = null

Resolved Exception:
             Type = null

ModelAndView:
        View name = null
             View = null
            Model = null

FlashMap:
       Attributes = null

MockHttpServletResponse:
           Status = 200
    Error message = null
          Headers = [Content-Type:"text/plain;charset=UTF-8", Content-Length:"3"]
     Content type = text/plain;charset=UTF-8
             Body = yes
    Forwarded URL = null
   Redirected URL = null
          Cookies = []
]]></system-out>
  <system-err><![CDATA[]]></system-err>
</testsuite>
