<?xml version="1.0" encoding="UTF-8"?>
<testsuite name="com.mastercard.SpringbootassignmentApplicationTests" tests="1" skipped="0" failures="0" errors="0" timestamp="2020-08-08T02:11:11" hostname="L4688823" time="0.006">
  <properties/>
  <testcase name="contextLoads()" classname="com.mastercard.SpringbootassignmentApplicationTests" time="0.006"/>
  <system-out><![CDATA[2020-08-07 22:11:09.891  INFO 19528 --- [    Test worker] .b.t.c.SpringBootTestContextBootstrapper : Neither @ContextConfiguration nor @ContextHierarchy found for test class [com.mastercard.SpringbootassignmentApplicationTests], using SpringBootContextLoader
2020-08-07 22:11:09.893  INFO 19528 --- [    Test worker] o.s.t.c.support.AbstractContextLoader    : Could not detect default resource locations for test class [com.mastercard.SpringbootassignmentApplicationTests]: no resource found for suffixes {-context.xml, Context.groovy}.
2020-08-07 22:11:09.893  INFO 19528 --- [    Test worker] t.c.s.AnnotationConfigContextLoaderUtils : Could not detect default configuration classes for test class [com.mastercard.SpringbootassignmentApplicationTests]: SpringbootassignmentApplicationTests does not declare any static, non-private, non-final, nested classes annotated with @Configuration.
2020-08-07 22:11:09.898  INFO 19528 --- [    Test worker] .b.t.c.SpringBootTestContextBootstrapper : Found @SpringBootConfiguration com.mastercard.SpringbootassignmentApplication for test class com.mastercard.SpringbootassignmentApplicationTests
2020-08-07 22:11:09.901  INFO 19528 --- [    Test worker] .b.t.c.SpringBootTestContextBootstrapper : Loaded default TestExecutionListener class names from location [META-INF/spring.factories]: [org.springframework.boot.test.autoconfigure.restdocs.RestDocsTestExecutionListener, org.springframework.boot.test.autoconfigure.web.client.MockRestServiceServerResetTestExecutionListener, org.springframework.boot.test.autoconfigure.web.servlet.MockMvcPrintOnlyOnFailureTestExecutionListener, org.springframework.boot.test.autoconfigure.web.servlet.WebDriverTestExecutionListener, org.springframework.boot.test.autoconfigure.webservices.client.MockWebServiceServerTestExecutionListener, org.springframework.boot.test.mock.mockito.MockitoTestExecutionListener, org.springframework.boot.test.mock.mockito.ResetMocksTestExecutionListener, org.springframework.test.context.web.ServletTestExecutionListener, org.springframework.test.context.support.DirtiesContextBeforeModesTestExecutionListener, org.springframework.test.context.support.DependencyInjectionTestExecutionListener, org.springframework.test.context.support.DirtiesContextTestExecutionListener, org.springframework.test.context.transaction.TransactionalTestExecutionListener, org.springframework.test.context.jdbc.SqlScriptsTestExecutionListener, org.springframework.test.context.event.EventPublishingTestExecutionListener]
2020-08-07 22:11:09.903  INFO 19528 --- [    Test worker] .b.t.c.SpringBootTestContextBootstrapper : Using TestExecutionListeners: [org.springframework.test.context.web.ServletTestExecutionListener@2239502e, org.springframework.test.context.support.DirtiesContextBeforeModesTestExecutionListener@6ade2228, org.springframework.boot.test.mock.mockito.MockitoTestExecutionListener@3d2f2c2c, org.springframework.boot.test.autoconfigure.SpringBootDependencyInjectionTestExecutionListener@555262b8, org.springframework.test.context.support.DirtiesContextTestExecutionListener@3d02e01c, org.springframework.test.context.event.EventPublishingTestExecutionListener@26d64af6, org.springframework.boot.test.autoconfigure.restdocs.RestDocsTestExecutionListener@62dc4c4c, org.springframework.boot.test.autoconfigure.web.client.MockRestServiceServerResetTestExecutionListener@24dda50d, org.springframework.boot.test.autoconfigure.web.servlet.MockMvcPrintOnlyOnFailureTestExecutionListener@ef5a38a, org.springframework.boot.test.autoconfigure.web.servlet.WebDriverTestExecutionListener@1ae0d958, org.springframework.boot.test.autoconfigure.webservices.client.MockWebServiceServerTestExecutionListener@1ade5864, org.springframework.boot.test.mock.mockito.ResetMocksTestExecutionListener@53e263ff]

  .   ____          _            __ _ _
 /\\ / ___'_ __ _ _(_)_ __  __ _ \ \ \ \
( ( )\___ | '_ | '_| | '_ \/ _` | \ \ \ \
 \\/  ___)| |_)| | | | | || (_| |  ) ) ) )
  '  |____| .__|_| |_|_| |_\__, | / / / /
 =========|_|==============|___/=/_/_/_/
 :: Spring Boot ::        (v2.3.2.RELEASE)

2020-08-07 22:11:09.962  INFO 19528 --- [    Test worker] c.m.SpringbootassignmentApplicationTests : Starting SpringbootassignmentApplicationTests on L4688823 with PID 19528 (started by B005023 in C:\MasterCard_Assignment_0806\springbootassignment)
2020-08-07 22:11:09.963  INFO 19528 --- [    Test worker] c.m.SpringbootassignmentApplicationTests : No active profile set, falling back to default profiles: default
2020-08-07 22:11:10.299  INFO 19528 --- [    Test worker] f.a.AutowiredAnnotationBeanPostProcessor : Autowired annotation is not supported on static fields: private static java.util.HashMap com.mastercard.Cities.origDest
2020-08-07 22:11:10.659  INFO 19528 --- [    Test worker] o.s.s.concurrent.ThreadPoolTaskExecutor  : Initializing ExecutorService 'applicationTaskExecutor'
2020-08-07 22:11:10.993  INFO 19528 --- [    Test worker] c.m.SpringbootassignmentApplicationTests : Started SpringbootassignmentApplicationTests in 1.084 seconds (JVM running for 7.905)
]]></system-out>
  <system-err><![CDATA[]]></system-err>
</testsuite>
