<?xml version="1.0" encoding="UTF-8"?>
<testsuite name="com.mastercard.SpringbootassignmentApplicationTests" tests="1" skipped="0" failures="0" errors="0" timestamp="2020-08-08T00:04:18" hostname="L4688823" time="0.01">
  <properties/>
  <testcase name="contextLoads()" classname="com.mastercard.SpringbootassignmentApplicationTests" time="0.01"/>
  <system-out><![CDATA[2020-08-07 20:04:16.953  INFO 25536 --- [    Test worker] .b.t.c.SpringBootTestContextBootstrapper : Neither @ContextConfiguration nor @ContextHierarchy found for test class [com.mastercard.SpringbootassignmentApplicationTests], using SpringBootContextLoader
2020-08-07 20:04:16.956  INFO 25536 --- [    Test worker] o.s.t.c.support.AbstractContextLoader    : Could not detect default resource locations for test class [com.mastercard.SpringbootassignmentApplicationTests]: no resource found for suffixes {-context.xml, Context.groovy}.
2020-08-07 20:04:16.956  INFO 25536 --- [    Test worker] t.c.s.AnnotationConfigContextLoaderUtils : Could not detect default configuration classes for test class [com.mastercard.SpringbootassignmentApplicationTests]: SpringbootassignmentApplicationTests does not declare any static, non-private, non-final, nested classes annotated with @Configuration.
2020-08-07 20:04:16.961  INFO 25536 --- [    Test worker] .b.t.c.SpringBootTestContextBootstrapper : Found @SpringBootConfiguration com.mastercard.SpringbootassignmentApplication for test class com.mastercard.SpringbootassignmentApplicationTests
2020-08-07 20:04:16.967  INFO 25536 --- [    Test worker] .b.t.c.SpringBootTestContextBootstrapper : Loaded default TestExecutionListener class names from location [META-INF/spring.factories]: [org.springframework.boot.test.autoconfigure.restdocs.RestDocsTestExecutionListener, org.springframework.boot.test.autoconfigure.web.client.MockRestServiceServerResetTestExecutionListener, org.springframework.boot.test.autoconfigure.web.servlet.MockMvcPrintOnlyOnFailureTestExecutionListener, org.springframework.boot.test.autoconfigure.web.servlet.WebDriverTestExecutionListener, org.springframework.boot.test.autoconfigure.webservices.client.MockWebServiceServerTestExecutionListener, org.springframework.boot.test.mock.mockito.MockitoTestExecutionListener, org.springframework.boot.test.mock.mockito.ResetMocksTestExecutionListener, org.springframework.test.context.web.ServletTestExecutionListener, org.springframework.test.context.support.DirtiesContextBeforeModesTestExecutionListener, org.springframework.test.context.support.DependencyInjectionTestExecutionListener, org.springframework.test.context.support.DirtiesContextTestExecutionListener, org.springframework.test.context.transaction.TransactionalTestExecutionListener, org.springframework.test.context.jdbc.SqlScriptsTestExecutionListener, org.springframework.test.context.event.EventPublishingTestExecutionListener]
2020-08-07 20:04:16.971  INFO 25536 --- [    Test worker] .b.t.c.SpringBootTestContextBootstrapper : Using TestExecutionListeners: [org.springframework.test.context.web.ServletTestExecutionListener@1bf8d2f4, org.springframework.test.context.support.DirtiesContextBeforeModesTestExecutionListener@732abdc7, org.springframework.boot.test.mock.mockito.MockitoTestExecutionListener@12f1eeed, org.springframework.boot.test.autoconfigure.SpringBootDependencyInjectionTestExecutionListener@11c96472, org.springframework.test.context.support.DirtiesContextTestExecutionListener@4c7b6bcd, org.springframework.test.context.event.EventPublishingTestExecutionListener@6a192300, org.springframework.boot.test.autoconfigure.restdocs.RestDocsTestExecutionListener@77823e28, org.springframework.boot.test.autoconfigure.web.client.MockRestServiceServerResetTestExecutionListener@2db23e5e, org.springframework.boot.test.autoconfigure.web.servlet.MockMvcPrintOnlyOnFailureTestExecutionListener@3a001d26, org.springframework.boot.test.autoconfigure.web.servlet.WebDriverTestExecutionListener@19222845, org.springframework.boot.test.autoconfigure.webservices.client.MockWebServiceServerTestExecutionListener@7fb73637, org.springframework.boot.test.mock.mockito.ResetMocksTestExecutionListener@434bb751]

  .   ____          _            __ _ _
 /\\ / ___'_ __ _ _(_)_ __  __ _ \ \ \ \
( ( )\___ | '_ | '_| | '_ \/ _` | \ \ \ \
 \\/  ___)| |_)| | | | | || (_| |  ) ) ) )
  '  |____| .__|_| |_|_| |_\__, | / / / /
 =========|_|==============|___/=/_/_/_/
 :: Spring Boot ::        (v2.3.2.RELEASE)

2020-08-07 20:04:17.214  INFO 25536 --- [    Test worker] c.m.SpringbootassignmentApplicationTests : Starting SpringbootassignmentApplicationTests on L4688823 with PID 25536 (started by B005023 in C:\MasterCard_Assignment_0806\springbootassignment)
2020-08-07 20:04:17.216  INFO 25536 --- [    Test worker] c.m.SpringbootassignmentApplicationTests : No active profile set, falling back to default profiles: default
2020-08-07 20:04:17.716  INFO 25536 --- [    Test worker] f.a.AutowiredAnnotationBeanPostProcessor : Autowired annotation is not supported on static fields: private static java.util.HashMap com.mastercard.Cities.origDest
2020-08-07 20:04:18.266  INFO 25536 --- [    Test worker] o.s.s.concurrent.ThreadPoolTaskExecutor  : Initializing ExecutorService 'applicationTaskExecutor'
2020-08-07 20:04:18.876  INFO 25536 --- [    Test worker] c.m.SpringbootassignmentApplicationTests : Started SpringbootassignmentApplicationTests in 1.902 seconds (JVM running for 11.972)
]]></system-out>
  <system-err><![CDATA[]]></system-err>
</testsuite>
